[2020-06-04 17:26:40] Текст ошибки: страница не найдена | Файл: W:\domains\ishop24\public\index.php | Строка: 7
=================
[2020-06-04 17:26:40] Текст ошибки: страница не найдена | Файл: W:\domains\ishop24\public\index.php | Строка: 7
=================
[2020-06-04 17:26:40] Текст ошибки: страница не найдена | Файл: W:\domains\ishop24\public\index.php | Строка: 7
=================
[2020-06-04 17:26:53] Текст ошибки: страница не найдена | Файл: W:\domains\ishop24\public\index.php | Строка: 7
=================
[2020-06-04 17:26:53] Текст ошибки: страница не найдена | Файл: W:\domains\ishop24\public\index.php | Строка: 7
=================
[2020-06-04 17:27:03] Текст ошибки: страница не найдена | Файл: W:\domains\ishop24\public\index.php | Строка: 7
=================
[2020-06-04 17:27:04] Текст ошибки: страница не найдена | Файл: W:\domains\ishop24\public\index.php | Строка: 7
=================
[2020-06-04 17:27:27] Текст ошибки: страница не найдена | Файл: W:\domains\ishop24\public\index.php | Строка: 7
=================
[2020-06-04 17:27:27] Текст ошибки: страница не найдена | Файл: W:\domains\ishop24\public\index.php | Строка: 7
=================
[2020-06-04 17:38:58] Текст ошибки: страница не найдена | Файл: W:\domains\ishop24\public\index.php | Строка: 7
=================
[2020-06-04 17:38:58] Текст ошибки: страница не найдена | Файл: W:\domains\ishop24\public\index.php | Строка: 7
=================
[2020-06-04 17:38:59] Текст ошибки: страница не найдена | Файл: W:\domains\ishop24\public\index.php | Строка: 7
=================
[2020-06-04 17:38:59] Текст ошибки: страница не найдена | Файл: W:\domains\ishop24\public\index.php | Строка: 7
=================
[2020-06-04 17:38:59] Текст ошибки: страница не найдена | Файл: W:\domains\ishop24\public\index.php | Строка: 7
=================
[2020-06-04 17:38:59] Текст ошибки: страница не найдена | Файл: W:\domains\ishop24\public\index.php | Строка: 7
=================
[2020-06-04 17:38:59] Текст ошибки: страница не найдена | Файл: W:\domains\ishop24\public\index.php | Строка: 7
=================
[2020-06-04 17:39:00] Текст ошибки: страница не найдена | Файл: W:\domains\ishop24\public\index.php | Строка: 7
=================
[2020-06-04 17:39:04] Текст ошибки: страница не найдена | Файл: W:\domains\ishop24\public\index.php | Строка: 7
=================
[2020-06-04 17:39:04] Текст ошибки: страница не найдена | Файл: W:\domains\ishop24\public\index.php | Строка: 7
=================
[2020-06-04 17:39:04] Текст ошибки: страница не найдена | Файл: W:\domains\ishop24\public\index.php | Строка: 7
=================
[2020-06-04 17:39:04] Текст ошибки: страница не найдена | Файл: W:\domains\ishop24\public\index.php | Строка: 7
=================
[2020-06-04 17:39:14] Текст ошибки: страница не найдена | Файл: W:\domains\ishop24\public\index.php | Строка: 7
=================
[2020-06-04 17:39:14] Текст ошибки: страница не найдена | Файл: W:\domains\ishop24\public\index.php | Строка: 7
=================
[2020-06-04 17:39:14] Текст ошибки: страница не найдена | Файл: W:\domains\ishop24\public\index.php | Строка: 7
=================
[2020-06-04 17:39:15] Текст ошибки: страница не найдена | Файл: W:\domains\ishop24\public\index.php | Строка: 7
=================
[2020-06-04 17:39:15] Текст ошибки: страница не найдена | Файл: W:\domains\ishop24\public\index.php | Строка: 7
=================
[2020-06-04 17:39:15] Текст ошибки: страница не найдена | Файл: W:\domains\ishop24\public\index.php | Строка: 7
=================
[2020-06-04 17:44:51] Текст ошибки: страница не найдена | Файл: W:\domains\ishop24\public\index.php | Строка: 7
=================
[2020-06-04 17:44:51] Текст ошибки: страница не найдена | Файл: W:\domains\ishop24\public\index.php | Строка: 7
=================
[2020-06-04 17:44:51] Текст ошибки: страница не найдена | Файл: W:\domains\ishop24\public\index.php | Строка: 7
=================
[2020-06-04 17:44:52] Текст ошибки: страница не найдена | Файл: W:\domains\ishop24\public\index.php | Строка: 7
=================
[2020-06-04 17:44:52] Текст ошибки: страница не найдена | Файл: W:\domains\ishop24\public\index.php | Строка: 7
=================
[2020-06-04 17:44:52] Текст ошибки: страница не найдена | Файл: W:\domains\ishop24\public\index.php | Строка: 7
=================
[2020-06-04 17:45:17] Текст ошибки: страница не найдена | Файл: W:\domains\ishop24\public\index.php | Строка: 7
=================
[2020-06-04 17:45:17] Текст ошибки: страница не найдена | Файл: W:\domains\ishop24\public\index.php | Строка: 7
=================
[2020-06-04 17:45:18] Текст ошибки: страница не найдена | Файл: W:\domains\ishop24\public\index.php | Строка: 7
=================
[2020-06-04 17:45:18] Текст ошибки: страница не найдена | Файл: W:\domains\ishop24\public\index.php | Строка: 7
=================
[2020-06-04 17:45:20] Текст ошибки: страница не найдена | Файл: W:\domains\ishop24\public\index.php | Строка: 7
=================
[2020-06-04 17:45:20] Текст ошибки: страница не найдена | Файл: W:\domains\ishop24\public\index.php | Строка: 7
=================
[2020-06-04 17:45:21] Текст ошибки: страница не найдена | Файл: W:\domains\ishop24\public\index.php | Строка: 7
=================
[2020-06-04 17:45:21] Текст ошибки: страница не найдена | Файл: W:\domains\ishop24\public\index.php | Строка: 7
=================
[2020-06-04 17:45:21] Текст ошибки: страница не найдена | Файл: W:\domains\ishop24\public\index.php | Строка: 7
=================
[2020-06-04 17:45:21] Текст ошибки: страница не найдена | Файл: W:\domains\ishop24\public\index.php | Строка: 7
=================
[2020-06-04 17:45:24] Текст ошибки: страница не найдена | Файл: W:\domains\ishop24\public\index.php | Строка: 7
=================
[2020-06-04 17:45:24] Текст ошибки: страница не найдена | Файл: W:\domains\ishop24\public\index.php | Строка: 7
=================
[2020-06-04 17:45:24] Текст ошибки: страница не найдена | Файл: W:\domains\ishop24\public\index.php | Строка: 7
=================
[2020-06-04 17:45:24] Текст ошибки: страница не найдена | Файл: W:\domains\ishop24\public\index.php | Строка: 7
=================
[2020-06-04 17:45:25] Текст ошибки: страница не найдена | Файл: W:\domains\ishop24\public\index.php | Строка: 7
=================
[2020-06-04 17:45:25] Текст ошибки: страница не найдена | Файл: W:\domains\ishop24\public\index.php | Строка: 7
=================
[2020-06-04 17:45:25] Текст ошибки: страница не найдена | Файл: W:\domains\ishop24\public\index.php | Строка: 7
=================
[2020-06-04 17:45:25] Текст ошибки: страница не найдена | Файл: W:\domains\ishop24\public\index.php | Строка: 7
=================
[2020-06-04 17:45:27] Текст ошибки: страница не найдена | Файл: W:\domains\ishop24\public\index.php | Строка: 7
=================
[2020-06-04 17:45:27] Текст ошибки: страница не найдена | Файл: W:\domains\ishop24\public\index.php | Строка: 7
=================
[2020-06-04 17:47:11] Текст ошибки: страница не найдена | Файл: W:\domains\ishop24\public\index.php | Строка: 7
=================
[2020-06-04 17:47:11] Текст ошибки: страница не найдена | Файл: W:\domains\ishop24\public\index.php | Строка: 7
=================
[2020-06-04 17:47:13] Текст ошибки: страница не найдена | Файл: W:\domains\ishop24\public\index.php | Строка: 7
=================
[2020-06-04 17:47:13] Текст ошибки: страница не найдена | Файл: W:\domains\ishop24\public\index.php | Строка: 7
=================
[2020-06-04 17:47:28] Текст ошибки: страница не найдена | Файл: W:\domains\ishop24\public\index.php | Строка: 7
=================
[2020-06-04 17:47:28] Текст ошибки: страница не найдена | Файл: W:\domains\ishop24\public\index.php | Строка: 7
=================
[2020-06-04 17:50:13] Текст ошибки: страница не найдена | Файл: W:\domains\ishop24\public\index.php | Строка: 7
=================
[2020-06-04 17:50:13] Текст ошибки: страница не найдена | Файл: W:\domains\ishop24\public\index.php | Строка: 7
=================
[2020-06-04 17:50:55] Текст ошибки: страница не найдена | Файл: W:\domains\ishop24\public\index.php | Строка: 7
=================
[2020-06-04 17:50:55] Текст ошибки: страница не найдена | Файл: W:\domains\ishop24\public\index.php | Строка: 7
=================
[2020-06-04 17:53:57] Текст ошибки: страница не найдена | Файл: W:\domains\ishop24\public\index.php | Строка: 7
=================
[2020-06-04 17:53:57] Текст ошибки: страница не найдена | Файл: W:\domains\ishop24\public\index.php | Строка: 7
=================
[2020-06-04 17:54:19] Текст ошибки: страница не найдена | Файл: W:\domains\ishop24\public\index.php | Строка: 7
=================
[2020-06-04 17:54:19] Текст ошибки: страница не найдена | Файл: W:\domains\ishop24\public\index.php | Строка: 7
=================
[2020-06-04 20:23:22] Текст ошибки: страница не найдена | Файл: W:\domains\ishop24\public\index.php | Строка: 7
=================
[2020-06-04 20:23:23] Текст ошибки: страница не найдена | Файл: W:\domains\ishop24\public\index.php | Строка: 7
=================
[2020-06-05 14:39:17] Текст ошибки: страница не найдена | Файл: W:\domains\ishop24\public\index.php | Строка: 7
=================
[2020-06-05 14:39:17] Текст ошибки: страница не найдена | Файл: W:\domains\ishop24\public\index.php | Строка: 7
=================
[2020-06-05 14:39:17] Текст ошибки: страница не найдена | Файл: W:\domains\ishop24\public\index.php | Строка: 7
=================
[2020-06-10 15:38:36] Текст ошибки: Контроллер app\controllers\MainController не найден | Файл: W:\domains\ishop24\vendor\ishop24\core\Router.php | Строка: 34
=================
[2020-06-10 15:38:36] Текст ошибки: Контроллер app\controllers\MainController не найден | Файл: W:\domains\ishop24\vendor\ishop24\core\Router.php | Строка: 34
=================
[2020-06-10 15:38:36] Текст ошибки: Контроллер app\controllers\MainController не найден | Файл: W:\domains\ishop24\vendor\ishop24\core\Router.php | Строка: 34
=================
[2020-06-10 15:38:36] Текст ошибки: Страница не найдена | Файл: W:\domains\ishop24\vendor\ishop24\core\Router.php | Строка: 37
=================
[2020-06-10 15:38:36] Текст ошибки: Страница не найдена | Файл: W:\domains\ishop24\vendor\ishop24\core\Router.php | Строка: 37
=================
[2020-06-10 15:38:36] Текст ошибки: Страница не найдена | Файл: W:\domains\ishop24\vendor\ishop24\core\Router.php | Строка: 37
=================
[2020-06-10 16:16:14] Текст ошибки: Контроллер app\controllers\MainController не найден | Файл: W:\domains\ishop24\vendor\ishop24\core\Router.php | Строка: 34
=================
[2020-06-10 16:16:40] Текст ошибки: Контроллер app\controllers\MainController не найден | Файл: W:\domains\ishop24\vendor\ishop24\core\Router.php | Строка: 34
=================
[2020-06-10 16:51:27] Текст ошибки: Метод app\controllers\MainController::indexAction не найден | Файл: W:\domains\ishop24\vendor\ishop24\core\Router.php | Строка: 31
=================
[2020-06-10 16:53:27] Текст ошибки: Метод app\controllers\PageController::indexAction не найден | Файл: W:\domains\ishop24\vendor\ishop24\core\Router.php | Строка: 31
=================
[2020-06-10 16:53:53] Текст ошибки: Метод app\controllers\PageController::indexAction не найден | Файл: W:\domains\ishop24\vendor\ishop24\core\Router.php | Строка: 31
=================
[2020-06-10 16:53:53] Текст ошибки: Метод app\controllers\PageController::indexAction не найден | Файл: W:\domains\ishop24\vendor\ishop24\core\Router.php | Строка: 31
=================
[2020-06-10 16:53:57] Текст ошибки: Метод app\controllers\PageController::indexAction не найден | Файл: W:\domains\ishop24\vendor\ishop24\core\Router.php | Строка: 31
=================
[2020-06-10 16:55:23] Текст ошибки: Метод app\controllers\PageController::indexAction не найден | Файл: W:\domains\ishop24\vendor\ishop24\core\Router.php | Строка: 31
=================
[2020-06-10 16:55:24] Текст ошибки: Метод app\controllers\PageController::indexAction не найден | Файл: W:\domains\ishop24\vendor\ishop24\core\Router.php | Строка: 31
=================
[2020-06-10 16:55:24] Текст ошибки: Метод app\controllers\PageController::indexAction не найден | Файл: W:\domains\ishop24\vendor\ishop24\core\Router.php | Строка: 31
=================
[2020-06-10 16:55:24] Текст ошибки: Метод app\controllers\PageController::indexAction не найден | Файл: W:\domains\ishop24\vendor\ishop24\core\Router.php | Строка: 31
=================
[2020-06-10 16:55:24] Текст ошибки: Метод app\controllers\PageController::indexAction не найден | Файл: W:\domains\ishop24\vendor\ishop24\core\Router.php | Строка: 31
=================
[2020-06-10 16:55:25] Текст ошибки: Метод app\controllers\PageController::indexAction не найден | Файл: W:\domains\ishop24\vendor\ishop24\core\Router.php | Строка: 31
=================
[2020-06-10 16:55:25] Текст ошибки: Метод app\controllers\PageController::indexAction не найден | Файл: W:\domains\ishop24\vendor\ishop24\core\Router.php | Строка: 31
=================
[2020-06-10 16:55:25] Текст ошибки: Метод app\controllers\PageController::indexAction не найден | Файл: W:\domains\ishop24\vendor\ishop24\core\Router.php | Строка: 31
=================
[2020-06-10 16:55:25] Текст ошибки: Метод app\controllers\PageController::indexAction не найден | Файл: W:\domains\ishop24\vendor\ishop24\core\Router.php | Строка: 31
=================
[2020-06-10 16:55:25] Текст ошибки: Метод app\controllers\PageController::indexAction не найден | Файл: W:\domains\ishop24\vendor\ishop24\core\Router.php | Строка: 31
=================
[2020-06-10 16:55:25] Текст ошибки: Метод app\controllers\PageController::indexAction не найден | Файл: W:\domains\ishop24\vendor\ishop24\core\Router.php | Строка: 31
=================
[2020-06-10 17:46:57] Текст ошибки: Страница не найдена | Файл: W:\domains\ishop24\vendor\ishop24\core\Router.php | Строка: 37
=================
[2020-06-12 09:33:16] Текст ошибки: Страница не найдена | Файл: W:\domains\ishop24\vendor\ishop24\core\Router.php | Строка: 37
=================
[2020-06-12 10:24:02] Текст ошибки: Страница не найдена | Файл: W:\domains\ishop24\vendor\ishop24\core\Router.php | Строка: 37
=================
[2020-06-12 10:26:37] Текст ошибки: Страница не найдена | Файл: W:\domains\ishop24\vendor\ishop24\core\Router.php | Строка: 37
=================
[2020-06-15 13:57:23] Текст ошибки: Страница не найдена | Файл: W:\domains\ishop24\vendor\ishop24\core\Router.php | Строка: 37
=================
[2020-06-25 16:18:20] Текст ошибки: Страница не найдена | Файл: W:\domains\ishop24\vendor\ishop24\core\Router.php | Строка: 37
=================
[2020-06-27 08:28:43] Текст ошибки: Страница не найдена | Файл: W:\domains\ishop24\vendor\ishop24\core\Router.php | Строка: 37
=================
[2020-06-27 09:28:11] Текст ошибки: Страница не найдена | Файл: W:\domains\ishop24\vendor\ishop24\core\Router.php | Строка: 37
=================
[2020-07-01 09:17:30] Текст ошибки: Страница не найдена | Файл: W:\domains\ishop24\vendor\ishop24\core\Router.php | Строка: 37
=================
[2020-07-03 09:20:09] Текст ошибки: Страница не найдена | Файл: W:\domains\ishop24\vendor\ishop24\core\Router.php | Строка: 37
=================
[2020-07-06 12:03:54] Текст ошибки: Страница не найдена | Файл: W:\domains\ishop24\vendor\ishop24\core\Router.php | Строка: 37
=================
[2020-07-06 13:59:01] Текст ошибки: Страница не найдена | Файл: W:\domains\ishop24\vendor\ishop24\core\Router.php | Строка: 37
=================
[2020-07-07 10:54:58] Текст ошибки: Страница не найдена | Файл: W:\domains\ishop24\vendor\ishop24\core\Router.php | Строка: 37
=================
[2020-07-07 11:07:35] Текст ошибки: На найден вид W:\domains\ishop24/app/views/Main/index.php | Файл: W:\domains\ishop24\vendor\ishop24\core\base\View.php | Строка: 37
=================
